{
  "stats": {
    "suites": 1,
    "tests": 1,
    "passes": 1,
    "pending": 0,
    "failures": 0,
    "start": "2024-10-06T15:55:48.982Z",
    "end": "2024-10-06T15:55:58.593Z",
    "duration": 9611,
    "testsRegistered": 1,
    "passPercent": 100,
    "pendingPercent": 0,
    "other": 0,
    "hasOther": false,
    "skipped": 0,
    "hasSkipped": false
  },
  "results": [
    {
      "uuid": "c6dd1037-bd02-4b0a-8720-f4eff2aa9361",
      "title": "",
      "fullFile": "cypress\\e2e\\SignupFlow.cy.js",
      "file": "cypress\\e2e\\SignupFlow.cy.js",
      "beforeHooks": [],
      "afterHooks": [],
      "tests": [],
      "suites": [
        {
          "uuid": "817bc668-ee01-4364-974e-076cfa2c1541",
          "title": "Signup Flow",
          "fullFile": "",
          "file": "",
          "beforeHooks": [],
          "afterHooks": [],
          "tests": [
            {
              "title": "completes the signup flow",
              "fullTitle": "Signup Flow completes the signup flow",
              "timedOut": null,
              "duration": 5778,
              "state": "passed",
              "speed": "medium",
              "pass": true,
              "fail": false,
              "pending": false,
              "context": null,
              "code": "signup.getLogo().should(\"be.visible\");\ncy.fixture('SingupData.json').then(data => {\n  const {\n    validSignup\n  } = data;\n  //Page 1\n  signup.getSelectBuyerButton().click();\n  signup.fillCompanyNameInput(validSignup.companyName);\n  signup.fillEmailInput(validSignup.email);\n  signup.fillFirstNameInput(validSignup.firstName);\n  signup.fillLastNameInput(validSignup.lastName);\n  signup.getSignUpButton().click();\n  signup.getCreateAccountButton().should(\"be.visible\");\n  //Page 2\n  signup.fillRegistrationNumberInput(validSignup.registrationNumber);\n  signup.fillVatNumberInput(validSignup.vatNumber);\n  signup.fillAddressInput(validSignup.address);\n  signup.fillCityInput(validSignup.city);\n  signup.fillZipInput(validSignup.zip);\n  signup.getCountrySelect().click();\n  signup.getCountrySelectItem(0).click();\n  signup.getIndustrySelect().click();\n  signup.getIndustrySelectItem(0).click();\n  signup.getCreateAccountButton().click();\n  signup.getHeading().should(\"contain\", \"CEEZER\");\n  signup.getCreateAccountButton().should(\"not.exist\");\n});",
              "err": {},
              "uuid": "cfac6795-2747-405e-9292-712b6fccbb77",
              "parentUUID": "817bc668-ee01-4364-974e-076cfa2c1541",
              "isHook": false,
              "skipped": false
            }
          ],
          "suites": [],
          "passes": [
            "cfac6795-2747-405e-9292-712b6fccbb77"
          ],
          "failures": [],
          "pending": [],
          "skipped": [],
          "duration": 5778,
          "root": false,
          "rootEmpty": false,
          "_timeout": 2000
        }
      ],
      "passes": [],
      "failures": [],
      "pending": [],
      "skipped": [],
      "duration": 0,
      "root": true,
      "rootEmpty": true,
      "_timeout": 2000
    }
  ],
  "meta": {
    "mocha": {
      "version": "7.0.1"
    },
    "mochawesome": {
      "options": {
        "quiet": false,
        "reportFilename": "mochawesome",
        "saveHtml": true,
        "saveJson": true,
        "consoleReporter": "spec",
        "useInlineDiffs": false,
        "code": true
      },
      "version": "7.1.3"
    },
    "marge": {
      "options": {
        "reportDir": "cypress/reports",
        "overwrite": false,
        "html": true,
        "json": true
      },
      "version": "6.2.0"
    }
  }
}