{
  "stats": {
    "suites": 1,
    "tests": 3,
    "passes": 3,
    "pending": 0,
    "failures": 0,
    "start": "2024-10-06T15:56:16.174Z",
    "end": "2024-10-06T15:56:34.935Z",
    "duration": 18761,
    "testsRegistered": 3,
    "passPercent": 100,
    "pendingPercent": 0,
    "other": 0,
    "hasOther": false,
    "skipped": 0,
    "hasSkipped": false
  },
  "results": [
    {
      "uuid": "00f81606-f646-44ae-93a6-d42be411b759",
      "title": "",
      "fullFile": "cypress\\e2e\\SignupServerErrors.cy.js",
      "file": "cypress\\e2e\\SignupServerErrors.cy.js",
      "beforeHooks": [],
      "afterHooks": [],
      "tests": [],
      "suites": [
        {
          "uuid": "feafd331-b25f-461d-9fa3-59adebddca34",
          "title": "Signup Server Errors",
          "fullFile": "",
          "file": "",
          "beforeHooks": [],
          "afterHooks": [],
          "tests": [
            {
              "title": "handles 500 error on signup attempt",
              "fullTitle": "Signup Server Errors handles 500 error on signup attempt",
              "timedOut": null,
              "duration": 5038,
              "state": "passed",
              "speed": "medium",
              "pass": true,
              "fail": false,
              "pending": false,
              "context": null,
              "code": "cy.intercept('POST', '/api/v1/open/auth/sign-up', {\n  statusCode: 500\n}).as('signupRequest');\ncy.CompletePage1();\ncy.CompletePage2();\nsignup.getHeading().should('contain', 'Something went wrong');",
              "err": {},
              "uuid": "c58955f1-8b45-4c1a-beb2-11a6943e4e74",
              "parentUUID": "feafd331-b25f-461d-9fa3-59adebddca34",
              "isHook": false,
              "skipped": false
            },
            {
              "title": "displays **No Options** placeholder when countries are not loaded",
              "fullTitle": "Signup Server Errors displays **No Options** placeholder when countries are not loaded",
              "timedOut": null,
              "duration": 2160,
              "state": "passed",
              "speed": "fast",
              "pass": true,
              "fail": false,
              "pending": false,
              "context": null,
              "code": "cy.intercept('GET', '/api/v1/open/filters/countries', {\n  statusCode: 400\n}).as('countriesRequest');\ncy.CompletePage1();\nsignup.getCountrySelect().click();\ncy.contains('No options').should('be.visible');",
              "err": {},
              "uuid": "0545037e-81c1-4e78-986c-cc22e2b0b8d6",
              "parentUUID": "feafd331-b25f-461d-9fa3-59adebddca34",
              "isHook": false,
              "skipped": false
            },
            {
              "title": "displays loading state during slow network request for signup",
              "fullTitle": "Signup Server Errors displays loading state during slow network request for signup",
              "timedOut": null,
              "duration": 9724,
              "state": "passed",
              "speed": "medium",
              "pass": true,
              "fail": false,
              "pending": false,
              "context": null,
              "code": "cy.intercept('POST', '/api/v1/open/auth/sign-up', req => {\n  req.on('response', res => {\n    res.setDelay(5000);\n  });\n}).as('slowSignupRequest');\ncy.CompletePage1();\ncy.CompletePage2();\n// Check if button is disabled while loading\nsignup.getCreateAccountButton().should('be.disabled');\n// Wait for the request\ncy.wait('@slowSignupRequest');\n// Verify that the user is redirected to the expected page after signup\nsignup.getHeading().should('contain', 'CEEZER');\nsignup.getCreateAccountButton().should('not.exist');",
              "err": {},
              "uuid": "3f9273b8-08a4-4a6c-be06-524c74cdb501",
              "parentUUID": "feafd331-b25f-461d-9fa3-59adebddca34",
              "isHook": false,
              "skipped": false
            }
          ],
          "suites": [],
          "passes": [
            "c58955f1-8b45-4c1a-beb2-11a6943e4e74",
            "0545037e-81c1-4e78-986c-cc22e2b0b8d6",
            "3f9273b8-08a4-4a6c-be06-524c74cdb501"
          ],
          "failures": [],
          "pending": [],
          "skipped": [],
          "duration": 16922,
          "root": false,
          "rootEmpty": false,
          "_timeout": 2000
        }
      ],
      "passes": [],
      "failures": [],
      "pending": [],
      "skipped": [],
      "duration": 0,
      "root": true,
      "rootEmpty": true,
      "_timeout": 2000
    }
  ],
  "meta": {
    "mocha": {
      "version": "7.0.1"
    },
    "mochawesome": {
      "options": {
        "quiet": false,
        "reportFilename": "mochawesome",
        "saveHtml": true,
        "saveJson": true,
        "consoleReporter": "spec",
        "useInlineDiffs": false,
        "code": true
      },
      "version": "7.1.3"
    },
    "marge": {
      "options": {
        "reportDir": "cypress/reports",
        "overwrite": false,
        "html": true,
        "json": true
      },
      "version": "6.2.0"
    }
  }
}