{
  "stats": {
    "suites": 1,
    "tests": 2,
    "passes": 2,
    "pending": 0,
    "failures": 0,
    "start": "2024-10-05T17:06:06.814Z",
    "end": "2024-10-05T17:06:15.064Z",
    "duration": 8250,
    "testsRegistered": 2,
    "passPercent": 100,
    "pendingPercent": 0,
    "other": 0,
    "hasOther": false,
    "skipped": 0,
    "hasSkipped": false
  },
  "results": [
    {
      "uuid": "156769b7-b5dd-4236-8a7b-a107c725c8f0",
      "title": "",
      "fullFile": "cypress\\e2e\\SignupAlly.cy.js",
      "file": "cypress\\e2e\\SignupAlly.cy.js",
      "beforeHooks": [],
      "afterHooks": [],
      "tests": [],
      "suites": [
        {
          "uuid": "4d52151a-2bed-421d-aef5-cac2b55b3e2f",
          "title": "Signup Page Accessibility",
          "fullFile": "",
          "file": "",
          "beforeHooks": [],
          "afterHooks": [],
          "tests": [
            {
              "title": "checks and logs all accessibility violations on load for Page 1",
              "fullTitle": "Signup Page Accessibility checks and logs all accessibility violations on load for Page 1",
              "timedOut": null,
              "duration": 2866,
              "state": "passed",
              "speed": "fast",
              "pass": true,
              "fail": false,
              "pending": false,
              "context": null,
              "code": "cy.checkA11y(null, null, violations => logViolations(violations, \"Page 1\"), true);",
              "err": {},
              "uuid": "b340fd37-91e7-4209-bd66-23a77dc5a1dc",
              "parentUUID": "4d52151a-2bed-421d-aef5-cac2b55b3e2f",
              "isHook": false,
              "skipped": false
            },
            {
              "title": "checks and logs all accessibility violations on load for Page 2   ",
              "fullTitle": "Signup Page Accessibility checks and logs all accessibility violations on load for Page 2   ",
              "timedOut": null,
              "duration": 2729,
              "state": "passed",
              "speed": "fast",
              "pass": true,
              "fail": false,
              "pending": false,
              "context": null,
              "code": "cy.CompletePage1();\ncy.checkA11y(null, null, violations => logViolations(violations, \"Page 2\"), true);",
              "err": {},
              "uuid": "0d4dfbaf-372b-4959-8e3e-fcc38ec04616",
              "parentUUID": "4d52151a-2bed-421d-aef5-cac2b55b3e2f",
              "isHook": false,
              "skipped": false
            }
          ],
          "suites": [],
          "passes": [
            "b340fd37-91e7-4209-bd66-23a77dc5a1dc",
            "0d4dfbaf-372b-4959-8e3e-fcc38ec04616"
          ],
          "failures": [],
          "pending": [],
          "skipped": [],
          "duration": 5595,
          "root": false,
          "rootEmpty": false,
          "_timeout": 2000
        }
      ],
      "passes": [],
      "failures": [],
      "pending": [],
      "skipped": [],
      "duration": 0,
      "root": true,
      "rootEmpty": true,
      "_timeout": 2000
    }
  ],
  "meta": {
    "mocha": {
      "version": "7.0.1"
    },
    "mochawesome": {
      "options": {
        "quiet": false,
        "reportFilename": "mochawesome",
        "saveHtml": true,
        "saveJson": true,
        "consoleReporter": "spec",
        "useInlineDiffs": false,
        "code": true
      },
      "version": "7.1.3"
    },
    "marge": {
      "options": {
        "reportDir": "cypress/reports",
        "overwrite": false,
        "html": true,
        "json": true
      },
      "version": "6.2.0"
    }
  }
}