{
  "stats": {
    "suites": 1,
    "tests": 2,
    "passes": 2,
    "pending": 0,
    "failures": 0,
    "start": "2024-10-06T15:55:37.983Z",
    "end": "2024-10-06T15:55:46.958Z",
    "duration": 8975,
    "testsRegistered": 2,
    "passPercent": 100,
    "pendingPercent": 0,
    "other": 0,
    "hasOther": false,
    "skipped": 0,
    "hasSkipped": false
  },
  "results": [
    {
      "uuid": "6e0c1cbb-61af-48de-86e1-3c66c9c5e952",
      "title": "",
      "fullFile": "cypress\\e2e\\SignupAlly.cy.js",
      "file": "cypress\\e2e\\SignupAlly.cy.js",
      "beforeHooks": [],
      "afterHooks": [],
      "tests": [],
      "suites": [
        {
          "uuid": "c81b8d35-8a63-4c3b-a5f1-8f8a91225ed5",
          "title": "Signup Page Accessibility",
          "fullFile": "",
          "file": "",
          "beforeHooks": [],
          "afterHooks": [],
          "tests": [
            {
              "title": "checks and logs all accessibility violations on load for Page 1",
              "fullTitle": "Signup Page Accessibility checks and logs all accessibility violations on load for Page 1",
              "timedOut": null,
              "duration": 3198,
              "state": "passed",
              "speed": "fast",
              "pass": true,
              "fail": false,
              "pending": false,
              "context": null,
              "code": "cy.checkA11y(null, null, violations => logViolations(violations, \"Page 1\"), true);",
              "err": {},
              "uuid": "83ad9437-d5a7-4476-9f25-1bd90737b3a0",
              "parentUUID": "c81b8d35-8a63-4c3b-a5f1-8f8a91225ed5",
              "isHook": false,
              "skipped": false
            },
            {
              "title": "checks and logs all accessibility violations on load for Page 2   ",
              "fullTitle": "Signup Page Accessibility checks and logs all accessibility violations on load for Page 2   ",
              "timedOut": null,
              "duration": 3089,
              "state": "passed",
              "speed": "fast",
              "pass": true,
              "fail": false,
              "pending": false,
              "context": null,
              "code": "cy.CompletePage1();\ncy.checkA11y(null, null, violations => logViolations(violations, \"Page 2\"), true);",
              "err": {},
              "uuid": "d20b2402-d780-43f1-a5ef-6c638395e159",
              "parentUUID": "c81b8d35-8a63-4c3b-a5f1-8f8a91225ed5",
              "isHook": false,
              "skipped": false
            }
          ],
          "suites": [],
          "passes": [
            "83ad9437-d5a7-4476-9f25-1bd90737b3a0",
            "d20b2402-d780-43f1-a5ef-6c638395e159"
          ],
          "failures": [],
          "pending": [],
          "skipped": [],
          "duration": 6287,
          "root": false,
          "rootEmpty": false,
          "_timeout": 2000
        }
      ],
      "passes": [],
      "failures": [],
      "pending": [],
      "skipped": [],
      "duration": 0,
      "root": true,
      "rootEmpty": true,
      "_timeout": 2000
    }
  ],
  "meta": {
    "mocha": {
      "version": "7.0.1"
    },
    "mochawesome": {
      "options": {
        "quiet": false,
        "reportFilename": "mochawesome",
        "saveHtml": true,
        "saveJson": true,
        "consoleReporter": "spec",
        "useInlineDiffs": false,
        "code": true
      },
      "version": "7.1.3"
    },
    "marge": {
      "options": {
        "reportDir": "cypress/reports",
        "overwrite": false,
        "html": true,
        "json": true
      },
      "version": "6.2.0"
    }
  }
}