{
  "stats": {
    "suites": 1,
    "tests": 3,
    "passes": 3,
    "pending": 0,
    "failures": 0,
    "start": "2024-10-05T17:06:46.300Z",
    "end": "2024-10-05T17:07:06.279Z",
    "duration": 19979,
    "testsRegistered": 3,
    "passPercent": 100,
    "pendingPercent": 0,
    "other": 0,
    "hasOther": false,
    "skipped": 0,
    "hasSkipped": false
  },
  "results": [
    {
      "uuid": "8804c8d0-40ea-4ad9-9d5f-360122760ac5",
      "title": "",
      "fullFile": "cypress\\e2e\\SignupServerErrors.cy.js",
      "file": "cypress\\e2e\\SignupServerErrors.cy.js",
      "beforeHooks": [],
      "afterHooks": [],
      "tests": [],
      "suites": [
        {
          "uuid": "615112d3-8879-4836-b82b-b220683429ae",
          "title": "Signup Server Errors",
          "fullFile": "",
          "file": "",
          "beforeHooks": [],
          "afterHooks": [],
          "tests": [
            {
              "title": "handles 500 error on signup attempt",
              "fullTitle": "Signup Server Errors handles 500 error on signup attempt",
              "timedOut": null,
              "duration": 5374,
              "state": "passed",
              "speed": "medium",
              "pass": true,
              "fail": false,
              "pending": false,
              "context": null,
              "code": "cy.intercept('POST', '/api/v1/open/auth/sign-up', {\n  statusCode: 500\n}).as('signupRequest');\ncy.CompletePage1();\ncy.CompletePage2();\nsignup.getHeading().should('contain', 'Something went wrong');",
              "err": {},
              "uuid": "9f3051a0-8460-4585-adee-47725383f6d2",
              "parentUUID": "615112d3-8879-4836-b82b-b220683429ae",
              "isHook": false,
              "skipped": false
            },
            {
              "title": "displays **No Options** placeholder when countries are not loaded",
              "fullTitle": "Signup Server Errors displays **No Options** placeholder when countries are not loaded",
              "timedOut": null,
              "duration": 2286,
              "state": "passed",
              "speed": "fast",
              "pass": true,
              "fail": false,
              "pending": false,
              "context": null,
              "code": "cy.intercept('GET', '/api/v1/open/filters/countries', {\n  statusCode: 400\n}).as('countriesRequest');\ncy.CompletePage1();\nsignup.getCountrySelect().click();\ncy.contains('No options').should('be.visible');",
              "err": {},
              "uuid": "5f98a705-44ec-42a9-a74a-a212e0d97f94",
              "parentUUID": "615112d3-8879-4836-b82b-b220683429ae",
              "isHook": false,
              "skipped": false
            },
            {
              "title": "displays loading state during slow network request for signup",
              "fullTitle": "Signup Server Errors displays loading state during slow network request for signup",
              "timedOut": null,
              "duration": 9880,
              "state": "passed",
              "speed": "medium",
              "pass": true,
              "fail": false,
              "pending": false,
              "context": null,
              "code": "cy.intercept('POST', '/api/v1/open/auth/sign-up', req => {\n  req.on('response', res => {\n    res.setDelay(5000);\n  });\n}).as('slowSignupRequest');\ncy.CompletePage1();\ncy.CompletePage2();\n// Check if button is disabled while loading\nsignup.getCreateAccountButton().should('be.disabled');\n// Wait for the request\ncy.wait('@slowSignupRequest');\n// Verify that the user is redirected to the expected page after signup\nsignup.getHeading().should('contain', 'CEEZER');\nsignup.getCreateAccountButton().should('not.exist');",
              "err": {},
              "uuid": "66b177ae-b2e9-49eb-b8ee-350beea29246",
              "parentUUID": "615112d3-8879-4836-b82b-b220683429ae",
              "isHook": false,
              "skipped": false
            }
          ],
          "suites": [],
          "passes": [
            "9f3051a0-8460-4585-adee-47725383f6d2",
            "5f98a705-44ec-42a9-a74a-a212e0d97f94",
            "66b177ae-b2e9-49eb-b8ee-350beea29246"
          ],
          "failures": [],
          "pending": [],
          "skipped": [],
          "duration": 17540,
          "root": false,
          "rootEmpty": false,
          "_timeout": 2000
        }
      ],
      "passes": [],
      "failures": [],
      "pending": [],
      "skipped": [],
      "duration": 0,
      "root": true,
      "rootEmpty": true,
      "_timeout": 2000
    }
  ],
  "meta": {
    "mocha": {
      "version": "7.0.1"
    },
    "mochawesome": {
      "options": {
        "quiet": false,
        "reportFilename": "mochawesome",
        "saveHtml": true,
        "saveJson": true,
        "consoleReporter": "spec",
        "useInlineDiffs": false,
        "code": true
      },
      "version": "7.1.3"
    },
    "marge": {
      "options": {
        "reportDir": "cypress/reports",
        "overwrite": false,
        "html": true,
        "json": true
      },
      "version": "6.2.0"
    }
  }
}